time="2023-10-04T14:53:32+02:00" level=info msg="Logger init done"
time="2023-10-04T14:53:32+02:00" level=info msg="Loading config file /home/maschulz/Documents/notevault/granite.yaml"
time="2023-10-04T14:53:40+02:00" level=debug msg="Called GetTodos with args: [null]"
time="2023-10-04T14:53:40+02:00" level=info msg="Scanning finished prematurely: /home/maschulz/Documents/notevault/.trash/2023-02-20.md"
time="2023-10-04T14:53:40+02:00" level=info msg="Scanning finished prematurely: /home/maschulz/Documents/notevault/.trash/23kw17.rnote.md"
time="2023-10-04T14:53:40+02:00" level=info msg="Scanning finished prematurely: /home/maschulz/Documents/notevault/.trash/Untitled 2.md"
time="2023-10-04T14:53:40+02:00" level=info msg="Scanning finished prematurely: /home/maschulz/Documents/notevault/.trash/Untitled.md"
time="2023-10-04T14:53:40+02:00" level=info msg="Scanning finished prematurely: /home/maschulz/Documents/notevault/dailies/2023-10-03.md"
time="2023-10-04T14:53:40+02:00" level=info msg="Scanning finished prematurely: /home/maschulz/Documents/notevault/notes/CDKTF Ideas.md"
time="2023-10-04T14:53:40+02:00" level=info msg="Scanning finished prematurely: /home/maschulz/Documents/notevault/notes/Small Implementation Thingies.md"
time="2023-10-04T14:53:40+02:00" level=info msg="Scanning finished prematurely: /home/maschulz/Documents/notevault/notes/backplane api changes.md"
time="2023-10-04T14:54:00+02:00" level=info msg="Logger init done"
time="2023-10-04T14:54:00+02:00" level=info msg="Loading config file /home/maschulz/Documents/notevault/granite.yaml"
time="2023-10-04T14:54:35+02:00" level=info msg="after plugin init"
time="2023-10-04T14:54:36+02:00" level=info msg="Logger init done"
time="2023-10-04T14:54:36+02:00" level=info msg="Loading config file /home/maschulz/Documents/notevault/granite.yaml"
time="2023-10-04T14:54:41+02:00" level=debug msg="Called GetTodos with args: [[]]"
time="2023-10-04T14:54:41+02:00" level=info msg="Scanning finished prematurely: /home/maschulz/Documents/notevault/.trash/2023-02-20.md"
time="2023-10-04T14:54:41+02:00" level=info msg="Scanning finished prematurely: /home/maschulz/Documents/notevault/.trash/23kw17.rnote.md"
time="2023-10-04T14:54:41+02:00" level=info msg="Scanning finished prematurely: /home/maschulz/Documents/notevault/.trash/Untitled 2.md"
time="2023-10-04T14:54:41+02:00" level=info msg="Scanning finished prematurely: /home/maschulz/Documents/notevault/.trash/Untitled.md"
time="2023-10-04T14:54:41+02:00" level=info msg="Scanning finished prematurely: /home/maschulz/Documents/notevault/dailies/2023-10-03.md"
time="2023-10-04T14:54:41+02:00" level=info msg="Scanning finished prematurely: /home/maschulz/Documents/notevault/notes/CDKTF Ideas.md"
time="2023-10-04T14:54:41+02:00" level=info msg="Scanning finished prematurely: /home/maschulz/Documents/notevault/notes/Small Implementation Thingies.md"
time="2023-10-04T14:54:41+02:00" level=info msg="Scanning finished prematurely: /home/maschulz/Documents/notevault/notes/backplane api changes.md"
time="2023-10-04T14:54:55+02:00" level=info msg="Logger init done"
time="2023-10-04T14:54:55+02:00" level=info msg="Loading config file /home/maschulz/Documents/notevault/granite.yaml"
time="2023-10-04T15:05:02+02:00" level=info msg="Logger init done"
time="2023-10-04T15:05:02+02:00" level=info msg="Loading config file /home/maschulz/Documents/notevault/granite.yaml"
time="2023-10-04T15:05:06+02:00" level=debug msg="Called GetTodos with args: [[]]"
time="2023-10-04T15:05:06+02:00" level=error msg="Error parsing args for GetTodos: json: cannot unmarshal array into Go value of type main.GetTodosArgs"
time="2023-10-04T15:06:16+02:00" level=debug msg="Called GetTodos with args: [{\"states\": \"yep\"}]"
time="2023-10-04T15:06:16+02:00" level=error msg="Error parsing args for GetTodos: json: cannot unmarshal string into Go struct field GetTodosArgs.states of type []string"
time="2023-10-04T15:06:28+02:00" level=debug msg="Called GetTodos with args: [{\"states\": \"yep,yap\"}]"
time="2023-10-04T15:06:28+02:00" level=error msg="Error parsing args for GetTodos: json: cannot unmarshal string into Go struct field GetTodosArgs.states of type []string"
time="2023-10-04T15:06:38+02:00" level=debug msg="Called GetTodos with args: [{\"states\": \"{yep,yap}\"}]"
time="2023-10-04T15:06:38+02:00" level=error msg="Error parsing args for GetTodos: json: cannot unmarshal string into Go struct field GetTodosArgs.states of type []string"
time="2023-10-04T15:07:18+02:00" level=info msg="Logger init done"
time="2023-10-04T15:07:18+02:00" level=info msg="Loading config file /home/maschulz/Documents/notevault/granite.yaml"
time="2023-10-04T15:13:21+02:00" level=debug msg="Called GetTodos with args: [[]]"
time="2023-10-04T15:13:21+02:00" level=error msg="Error parsing args for GetTodos: json: cannot unmarshal array into Go value of type main.GetTodosArgs"
time="2023-10-04T15:26:25+02:00" level=info msg="Logger init done"
time="2023-10-04T15:26:25+02:00" level=info msg="Loading config file /home/maschulz/Documents/notevault/granite.yaml"
time="2023-10-04T15:26:27+02:00" level=info msg="Logger init done"
time="2023-10-04T15:26:27+02:00" level=info msg="Loading config file /home/maschulz/Documents/notevault/granite.yaml"
time="2023-10-04T15:37:36+02:00" level=info msg="Logger init done"
time="2023-10-04T15:37:36+02:00" level=info msg="Loading config file /home/maschulz/Documents/notevault/granite.yaml"
time="2023-10-06T10:13:28+02:00" level=info msg="Logger init done"
time="2023-10-06T10:29:34+02:00" level=debug msg="Called GetTemplates with args: []"
time="2023-10-06T10:29:34+02:00" level=debug msg="got template config raw "
time="2023-10-06T10:29:36+02:00" level=debug msg="Called GetTemplates with args: []"
time="2023-10-06T10:29:36+02:00" level=debug msg="got template config raw "
time="2023-10-06T10:29:39+02:00" level=debug msg="Called GetTemplates with args: []"
time="2023-10-06T10:29:39+02:00" level=debug msg="got template config raw "
time="2023-10-06T10:38:26+02:00" level=info msg="Logger init done"
time="2023-10-06T10:38:27+02:00" level=debug msg="Called GetTemplates with args: []"
time="2023-10-06T10:38:27+02:00" level=debug msg="got template config raw "
time="2023-10-06T10:38:30+02:00" level=debug msg="Called GetTemplates with args: []"
time="2023-10-06T10:38:30+02:00" level=debug msg="got template config raw "
time="2023-10-06T10:39:22+02:00" level=info msg="Logger init done"
time="2023-10-06T10:39:26+02:00" level=debug msg="Called GetTemplates with args: []"
time="2023-10-06T10:39:26+02:00" level=debug msg="got template config raw "
time="2023-10-23T09:59:52+02:00" level=info msg="Logger init done"
time="2023-11-07T10:44:14+01:00" level=info msg="Logger init done"
time="2023-11-07T10:44:15+01:00" level=debug msg="Called GetTemplates with args: []"
time="2023-11-07T10:44:15+01:00" level=debug msg="got template config raw "
time="2023-11-07T10:44:23+01:00" level=info msg="Logger init done"
time="2023-11-07T10:44:31+01:00" level=debug msg="Called GetTemplates with args: []"
time="2023-11-07T10:44:31+01:00" level=debug msg="got template config raw "
time="2023-11-07T10:45:05+01:00" level=debug msg="Called GetTemplates with args: []"
time="2023-11-07T10:45:05+01:00" level=debug msg="got template config raw "
time="2023-11-07T10:45:14+01:00" level=debug msg="Called GetTemplates with args: []"
time="2023-11-07T10:45:14+01:00" level=debug msg="got template config raw "
time="2023-11-07T10:45:16+01:00" level=debug msg="Called GetTemplates with args: []"
time="2023-11-07T10:45:16+01:00" level=debug msg="got template config raw "
time="2023-11-07T10:46:24+01:00" level=debug msg="Called GetTemplates with args: []"
time="2023-11-07T10:46:24+01:00" level=debug msg="got template config raw "
time="2023-11-15T15:11:46+01:00" level=info msg="Logger init done"
time="2023-11-15T15:11:50+01:00" level=info msg="Logger init done"
